nohup: 入力を無視します

> my-app@0.1.0 dev
> next dev --turbopack -H 0.0.0.0

 ⚠ Warning: Next.js inferred your workspace root, but it may not be correct.
 We detected multiple lockfiles and selected the directory of /home/ubuntu/react/package-lock.json as the root directory.
 To silence this warning, set `turbopack.root` in your Next.js config, or consider removing one of the lockfiles if it's not needed.
   See https://nextjs.org/docs/app/api-reference/config/next-config-js/turbopack#root-directory for more information.
 Detected additional lockfiles: 
   * /home/ubuntu/react/my-app/package-lock.json

   ▲ Next.js 15.5.3 (Turbopack)
   - Local:        http://localhost:3000
   - Network:      http://0.0.0.0:3000
   - Environments: .env.development

 ✓ Starting...
 ✓ Ready in 1975ms
 ○ Compiling /_not-found/page ...
 ✓ Compiled /_not-found/page in 4.2s
 GET /stat 404 in 4735ms
 ⚠ Cross origin request detected from 54.65.233.242 to /_next/* resource. In a future major version of Next.js, you will need to explicitly configure "allowedDevOrigins" in next.config to allow this.
Read more: https://nextjs.org/docs/app/api-reference/config/next-config-js/allowedDevOrigins
 ○ Compiling /favicon.ico ...
 GET /_next/webpack-hmr 404 in 500ms
 ✓ Compiled /favicon.ico in 651ms
 GET /favicon.ico?favicon.0b3bf435.ico 200 in 1075ms
 ○ Compiling /real_estate ...
 ✓ Compiled /real_estate in 755ms
popurate []
 GET /real_estate 200 in 941ms
 GET /favicon.ico?favicon.0b3bf435.ico 200 in 264ms
