nohup: å…¥åŠ›ã‚’ç„¡è¦–ã—ã¾ã™

> my-app@0.1.0 dev
> next dev --turbopack

   â–² Next.js 15.5.3 (Turbopack)
   - Local:        http://localhost:3000
   - Network:      http://10.0.1.42:3000

 âœ“ Starting...
 âœ“ Ready in 1251ms
 â—‹ Compiling / ...
 âœ“ Compiled / in 3.9s
 GET / 200 in 4480ms
 GET / 200 in 145ms
 GET / 200 in 127ms
 GET / 200 in 125ms
 âœ“ Compiled /_not-found/page in 343ms
 GET /media/797e433ab948586e-s.p.dbea232f.woff2 404 in 699ms
 GET /media/caa3a2e1cccd8315-s.p.853070df.woff2 404 in 684ms
 GET /chunks/[root-of-the-server]__0f0ba101._.css 404 in 682ms
 GET /chunks/[turbopack]_browser_dev_hmr-client_hmr-client_ts_57d40746._.js 404 in 679ms
 GET /chunks/node_modules_next_dist_compiled_react-dom_1e674e59._.js 404 in 316ms
 GET /chunks/node_modules_next_dist_compiled_next-devtools_index_a9cb0712.js 404 in 311ms
 GET /chunks/node_modules_next_dist_compiled_5150ccfd._.js 404 in 308ms
 GET /chunks/node_modules_next_dist_client_cf1d9188._.js 404 in 254ms
 GET /chunks/node_modules_next_dist_b0daae9a._.js 404 in 251ms
 GET /chunks/node_modules_@swc_helpers_cjs_b3dc30d6._.js 404 in 248ms
 GET /chunks/_a0ff3932._.js 404 in 251ms
 GET /chunks/turbopack-_cdba956c._.js 404 in 248ms
 GET /chunks/node_modules_next_dist_8db7fb1f._.js 404 in 246ms
 GET /chunks/src_app_favicon_ico_mjs_243aa161._.js 404 in 253ms
 GET /chunks/src_app_layout_tsx_0a548d63._.js 404 in 250ms
 GET /chunks/node_modules_next_dist_f13e31ba._.js 404 in 248ms
 GET /chunks/src_app_page_tsx_f8fdd2d5._.js 404 in 168ms
 GET /chunks/node_modules_next_dist_client_components_builtin_global-error_f8fdd2d5.js 404 in 166ms
 âš  Found a change in next.config.ts. Restarting the server to apply the changes...
   â–² Next.js 15.5.3 (Turbopack)
   - Local:        http://localhost:3000
   - Network:      http://10.0.1.42:3000

 âœ“ Starting...
 âœ“ Ready in 1254ms
[?25h
